<?xml version="1.0" encoding="UTF-8"?>
<!-- Generated by org.testng.reporters.JUnitXMLReporter -->
<testsuite ignored="6" hostname="Subha" failures="1" tests="5" name="Test" time="19.765" errors="0" timestamp="2023-03-21T21:54:14 EDT">
  <testcase classname="swaglabs.ProductpageTests" name="Login" time="1.027"/>
  <testcase classname="swaglabs.ProductpageTests" name="CartProductValidation" time="0.516"/>
  <testcase classname="swaglabs.CartTests" name="BackToProductList" time="0.274"/>
  <testcase classname="swaglabs.CartTests" name="clickCheckOut" time="0.165">
    <failure type="java.lang.AssertionError" message="expected:&amp;lt;true&amp;gt; but was:&amp;lt;false&amp;gt;">
      <![CDATA[java.lang.AssertionError: expected:<true> but was:<false>
at org.junit.Assert.fail(Assert.java:88)
at org.junit.Assert.failNotEquals(Assert.java:743)
at org.junit.Assert.assertEquals(Assert.java:118)
at org.junit.Assert.assertEquals(Assert.java:144)
at swaglabs.CartTests.clickCheckOut(CartTests.java:45)
at java.base/java.util.ArrayList.forEach(ArrayList.java:1511)
... Removed 27 stack frames]]>
    </failure>
  </testcase> <!-- clickCheckOut -->
  <testcase classname="swaglabs.CheckoutTests" name="CheckOutValidation" time="1.809"/>
  <testcase classname="swaglabs.ProductpageTests" name="AddToCartBadgeUpdate" time="0.0">
    <ignored/>
  </testcase> <!-- AddToCartBadgeUpdate -->
  <testcase classname="swaglabs.ProductpageTests" name="ProductSorted" time="0.0">
    <ignored/>
  </testcase> <!-- ProductSorted -->
  <testcase classname="swaglabs.ProductpageTests" name="ButtonNameChange" time="0.0">
    <ignored/>
  </testcase> <!-- ButtonNameChange -->
  <testcase classname="swaglabs.ProductpageTests" name="SelectedProduct_Compare" time="0.0">
    <ignored/>
  </testcase> <!-- SelectedProduct_Compare -->
  <testcase classname="swaglabs.ProductpageTests" name="CartRemoveValidation" time="0.0">
    <ignored/>
  </testcase> <!-- CartRemoveValidation -->
  <testcase classname="swaglabs.Loginsteps" name="ALogin" time="0.0">
    <ignored/>
  </testcase> <!-- ALogin -->
</testsuite> <!-- Test -->
