<?xml version="1.0" encoding="UTF-8"?>
<!-- Generated by org.testng.reporters.JUnitXMLReporter -->
<testsuite ignored="0" hostname="Subha" failures="0" tests="13" name="Test" time="25.404" errors="0" timestamp="2023-03-16T15:43:32 EDT">
  <testcase classname="swaglabs.Loginsteps" name="ALogin" time="0.775"/>
  <testcase classname="swaglabs.Loginsteps" name="ALogin" time="0.76"/>
  <testcase classname="swaglabs.Loginsteps" name="ALogin" time="1.232"/>
  <testcase classname="swaglabs.Loginsteps" name="ALogin" time="6.812"/>
  <testcase classname="swaglabs.ProductpageTests" name="Login" time="1.325"/>
  <testcase classname="swaglabs.ProductpageTests" name="ProductSorted" time="1.144"/>
  <testcase classname="swaglabs.ProductpageTests" name="ProductSorted" time="0.844"/>
  <testcase classname="swaglabs.ProductpageTests" name="ProductSorted" time="1.002"/>
  <testcase classname="swaglabs.ProductpageTests" name="ProductSorted" time="0.817"/>
  <testcase classname="swaglabs.ProductpageTests" name="SelectedProduct_Compare" time="0.784"/>
  <testcase classname="swaglabs.ProductpageTests" name="SelectedProduct_Compare" time="0.778"/>
  <testcase classname="swaglabs.ProductpageTests" name="SelectedProduct_Compare" time="1.007"/>
  <testcase classname="swaglabs.ProductpageTests" name="SelectedProduct_Compare" time="0.854"/>
</testsuite> <!-- Test -->
