<?xml version="1.0" encoding="UTF-8"?>
<testng-results ignored="0" total="4" passed="4" failed="0" skipped="0">
  <reporter-output>
  </reporter-output>
  <suite started-at="2023-03-14T16:40:57 EDT" name="Suite" finished-at="2023-03-14T16:41:17 EDT" duration-ms="20266">
    <groups>
    </groups>
    <test started-at="2023-03-14T16:40:57 EDT" name="Test" finished-at="2023-03-14T16:41:17 EDT" duration-ms="20266">
      <class name="swaglabs.Hooks">
        <test-method is-config="true" signature="Driversetup()[pri:0, instance:swaglabs.Hooks@659499f1]" started-at="2023-03-14T16:40:57 EDT" name="Driversetup" finished-at="2023-03-14T16:41:04 EDT" duration-ms="6810" status="PASS">
          <reporter-output>
          </reporter-output>
        </test-method> <!-- Driversetup -->
        <test-method is-config="true" signature="Driverclose()[pri:0, instance:swaglabs.Hooks@659499f1]" started-at="2023-03-14T16:41:16 EDT" name="Driverclose" finished-at="2023-03-14T16:41:17 EDT" duration-ms="1029" status="PASS">
          <reporter-output>
          </reporter-output>
        </test-method> <!-- Driverclose -->
      </class> <!-- swaglabs.Hooks -->
      <class name="swaglabs.Loginsteps">
        <test-method signature="Login(java.lang.String)[pri:0, instance:swaglabs.Loginsteps@66d3eec0]" started-at="2023-03-14T16:41:04 EDT" name="Login" data-provider="UserData" finished-at="2023-03-14T16:41:06 EDT" duration-ms="2029" status="PASS">
          <params>
            <param index="0">
              <value>
                <![CDATA[standard_user]]>
              </value>
            </param>
          </params>
          <reporter-output>
          </reporter-output>
        </test-method> <!-- Login -->
        <test-method signature="Login(java.lang.String)[pri:0, instance:swaglabs.Loginsteps@66d3eec0]" started-at="2023-03-14T16:41:06 EDT" name="Login" data-provider="UserData" finished-at="2023-03-14T16:41:08 EDT" duration-ms="1960" status="PASS">
          <params>
            <param index="0">
              <value>
                <![CDATA[problem_user]]>
              </value>
            </param>
          </params>
          <reporter-output>
          </reporter-output>
        </test-method> <!-- Login -->
        <test-method signature="Login(java.lang.String)[pri:0, instance:swaglabs.Loginsteps@66d3eec0]" started-at="2023-03-14T16:41:08 EDT" name="Login" data-provider="UserData" finished-at="2023-03-14T16:41:15 EDT" duration-ms="6972" status="PASS">
          <params>
            <param index="0">
              <value>
                <![CDATA[performance_glitch_user]]>
              </value>
            </param>
          </params>
          <reporter-output>
          </reporter-output>
        </test-method> <!-- Login -->
        <test-method signature="Login(java.lang.String)[pri:0, instance:swaglabs.Loginsteps@66d3eec0]" started-at="2023-03-14T16:41:15 EDT" name="Login" data-provider="UserData" finished-at="2023-03-14T16:41:16 EDT" duration-ms="1295" status="PASS">
          <params>
            <param index="0">
              <value>
                <![CDATA[one]]>
              </value>
            </param>
          </params>
          <reporter-output>
          </reporter-output>
        </test-method> <!-- Login -->
      </class> <!-- swaglabs.Loginsteps -->
    </test> <!-- Test -->
  </suite> <!-- Suite -->
</testng-results>
